<?xml version="1.0" encoding="UTF-8"?>
<testsuite xmlns:xsi="http://www.w3.org/2001/XMLSchema-instance" xsi:noNamespaceSchemaLocation="https://maven.apache.org/surefire/maven-surefire-plugin/xsd/surefire-test-report-3.0.xsd" version="3.0" name="com.maxstreifeneder.hotreload.it.CatalogServiceITest" time="6.56" tests="1" errors="0" skipped="0" failures="0">
  <properties>
[...]
</properties>
  <testcase name="testReadBooks" classname="com.maxstreifeneder.hotreload.it.CatalogServiceITest" time="1.15"/>
</testsuite>